13.1781 	WARNING 	We strongly recommend you activate the PTB sound engine in PsychoPy prefs as the preferred audio engine. Its timing is vastly superior. Your prefs are currently set to use ['sounddevice', 'PTB', 'pyo', 'pygame'] (in that order).
3621.9679 	WARNING 	User requested fullscreen with size [1024  768], but screen is actually [1366, 768]. Using actual size
3626.5048 	EXP 	Created window1 = Window(allowGUI=True, allowStencil=False, autoLog=True, backendConf=UNKNOWN, bitsMode=UNKNOWN, blendMode='avg', bpc=(8, 8, 8), color=array([0, 0, 0]), colorSpace='rgb', depthBits=8, fullscr=<method-wrapper '__getattribute__' of attributeSetter object at 0x000001A94701AD00>, gamma=None, gammaErrorPolicy='raise', lms=UNKNOWN, monitor=<psychopy.monitors.calibTools.Monitor object at 0x000001A947531B20>, multiSample=False, name='window1', numSamples=2, pos=(0, 0), screen=0, size=array([1366,  768]), stencilBits=0, stereo=False, units='height', useFBO=True, useRetina=False, viewOri=0.0, viewPos=None, viewScale=None, waitBlanking=True, winType='pyglet')
3626.5054 	EXP 	window1: mouseVisible = True
3626.5055 	EXP 	window1: mouseVisible = False
3626.5056 	EXP 	window1: Attempting to measure frame rate of screen (0) ...
3626.5057 	EXP 	window1: recordFrameIntervals = False
3626.6698 	EXP 	window1: recordFrameIntervals = True
3626.8543 	EXP 	Screen (0) actual frame rate measured at 59.62Hz
3626.8544 	EXP 	window1: recordFrameIntervals = False
3633.8660 	EXP 	Created fixation = ShapeStim(__class__=<class 'psychopy.visual.shape.ShapeStim'>, anchor=('center', 'center'), autoDraw=False, autoLog=True, closeShape=True, color=method-wrapper(...), colorSpace='rgb', contrast=None, depth=0.0, fillColor=array([1, 1, 1]), fillColorSpace='rgb', fillRGB=array([1, 1, 1]), interpolate=True, lineColor=array([1., 1., 1.]), lineColorSpace='rgb', lineRGB=array([1, 1, 1]), lineWidth=1.0, name='fixation', opacity=1.0, ori=0.0, pos=array([0., 0.]), size=array([10., 10.]), units='pix', vertices=ndarray(...), win=Window(...), windingRule=None)
3633.9165 	EXP 	Created grating = GratingStim(__class__=<class 'psychopy.visual.grating.GratingStim'>, anchor='center', autoDraw=False, autoLog=True, blendmode='avg', color=array([0.3, 0.3, 0.3]), colorSpace='rgb', contrast=0.3, depth=-1.0, interpolate=True, mask='gauss', maskParams=None, name='grating', opacity=1.0, ori=1.0, phase=array([0., 0.]), pos=array([0., 0.]), rgbPedestal=array([0., 0., 0.]), sf=array([5., 5.]), size=array([0.2, 0.2]), tex='sin', texRes=128.0, units='height', win=Window(...))
3633.9817 	EXP 	Created sequence: random, trialTypes=1, nReps=100, seed=None
3633.9833 	EXP 	New trial (rep=0, index=0): None
3634.0553 	EXP 	grating: ori = -5.0
3634.0553 	EXP 	fixation: autoDraw = True
3634.9962 	EXP 	grating: autoDraw = True
3634.9962 	EXP 	grating: tex = 'sin'
3635.0677 	EXP 	fixation: autoDraw = False
3635.3008 	EXP 	grating: autoDraw = False
3635.7224 	EXP 	New trial (rep=1, index=0): None
3635.7346 	EXP 	fixation: autoDraw = False
3635.7346 	EXP 	grating: autoDraw = False
3635.7346 	EXP 	grating: ori = -2.0
3635.7346 	EXP 	fixation: autoDraw = True
3636.7343 	EXP 	fixation: autoDraw = False
3636.7343 	EXP 	grating: autoDraw = True
3637.0337 	EXP 	grating: autoDraw = False
3637.4576 	EXP 	New trial (rep=2, index=0): None
3637.4676 	EXP 	fixation: autoDraw = False
3637.4676 	EXP 	grating: autoDraw = False
3637.4676 	EXP 	grating: ori = 0.0
3637.4676 	EXP 	fixation: autoDraw = True
3638.4669 	EXP 	fixation: autoDraw = False
3638.4669 	EXP 	grating: autoDraw = True
3638.7672 	EXP 	grating: autoDraw = False
3639.1552 	EXP 	New trial (rep=3, index=0): None
3639.1672 	EXP 	fixation: autoDraw = False
3639.1672 	EXP 	grating: autoDraw = False
3639.1672 	EXP 	grating: ori = 2.0
3639.1672 	EXP 	fixation: autoDraw = True
3640.1543 	EXP 	grating: autoDraw = True
3640.1701 	EXP 	fixation: autoDraw = False
3640.4685 	EXP 	grating: autoDraw = False
3640.8939 	EXP 	New trial (rep=4, index=0): None
3640.9058 	EXP 	fixation: autoDraw = False
3640.9058 	EXP 	grating: autoDraw = False
3640.9058 	EXP 	grating: ori = 0.0
3640.9058 	EXP 	fixation: autoDraw = True
3641.9017 	EXP 	grating: autoDraw = True
3641.9182 	EXP 	fixation: autoDraw = False
3642.1998 	EXP 	grating: autoDraw = False
3642.6085 	EXP 	New trial (rep=5, index=0): None
3642.6192 	EXP 	fixation: autoDraw = False
3642.6192 	EXP 	grating: autoDraw = False
3642.6192 	EXP 	grating: ori = 0.0
3642.6192 	EXP 	fixation: autoDraw = True
3643.6174 	EXP 	grating: autoDraw = True
3643.6339 	EXP 	fixation: autoDraw = False
3643.9170 	EXP 	grating: autoDraw = False
3644.4904 	EXP 	New trial (rep=6, index=0): None
3644.5027 	EXP 	fixation: autoDraw = False
3644.5027 	EXP 	grating: autoDraw = False
3644.5027 	EXP 	grating: ori = -2.0
3644.5027 	EXP 	fixation: autoDraw = True
3645.5001 	EXP 	grating: autoDraw = True
3645.5166 	EXP 	fixation: autoDraw = False
3645.8002 	EXP 	grating: autoDraw = False
3647.9860 	EXP 	New trial (rep=7, index=0): None
3647.9987 	EXP 	fixation: autoDraw = False
3647.9987 	EXP 	grating: autoDraw = False
3647.9987 	EXP 	grating: ori = 2.0
3647.9987 	EXP 	fixation: autoDraw = True
3648.9987 	EXP 	fixation: autoDraw = False
3648.9987 	EXP 	grating: autoDraw = True
3649.2982 	EXP 	grating: autoDraw = False
3649.7218 	EXP 	New trial (rep=8, index=0): None
3649.7329 	EXP 	fixation: autoDraw = False
3649.7329 	EXP 	grating: autoDraw = False
3649.7329 	EXP 	grating: ori = -2.0
3649.7329 	EXP 	fixation: autoDraw = True
3650.7311 	EXP 	grating: autoDraw = True
3650.7480 	EXP 	fixation: autoDraw = False
3651.0312 	EXP 	grating: autoDraw = False
3651.2704 	EXP 	New trial (rep=9, index=0): None
3651.2825 	EXP 	fixation: autoDraw = False
3651.2825 	EXP 	grating: autoDraw = False
3651.2825 	EXP 	grating: ori = 2.0
3651.2825 	EXP 	fixation: autoDraw = True
3652.2830 	EXP 	grating: autoDraw = True
3652.2995 	EXP 	fixation: autoDraw = False
3652.5977 	EXP 	grating: autoDraw = False
3652.9383 	EXP 	New trial (rep=10, index=0): None
3652.9500 	EXP 	fixation: autoDraw = False
3652.9500 	EXP 	grating: autoDraw = False
3652.9500 	EXP 	grating: ori = 0.0
3652.9500 	EXP 	fixation: autoDraw = True
3653.9475 	EXP 	grating: autoDraw = True
3653.9641 	EXP 	fixation: autoDraw = False
3654.2474 	EXP 	grating: autoDraw = False
3654.4833 	EXP 	New trial (rep=11, index=0): None
3654.4973 	EXP 	fixation: autoDraw = False
3654.4973 	EXP 	grating: autoDraw = False
3654.4973 	EXP 	grating: ori = 4.0
3654.4973 	EXP 	fixation: autoDraw = True
3655.4977 	EXP 	fixation: autoDraw = False
3655.4977 	EXP 	grating: autoDraw = True
3655.7968 	EXP 	grating: autoDraw = False
3656.0358 	EXP 	New trial (rep=12, index=0): None
3656.0474 	EXP 	fixation: autoDraw = False
3656.0474 	EXP 	grating: autoDraw = False
3656.0474 	EXP 	grating: ori = -5.0
3656.0474 	EXP 	fixation: autoDraw = True
3657.0468 	EXP 	fixation: autoDraw = False
3657.0468 	EXP 	grating: autoDraw = True
3657.3474 	EXP 	grating: autoDraw = False
3657.6182 	EXP 	New trial (rep=13, index=0): None
3657.6297 	EXP 	fixation: autoDraw = False
3657.6297 	EXP 	grating: autoDraw = False
3657.6297 	EXP 	grating: ori = 2.0
3657.6297 	EXP 	fixation: autoDraw = True
3658.6301 	EXP 	fixation: autoDraw = False
3658.6301 	EXP 	grating: autoDraw = True
3658.9296 	EXP 	grating: autoDraw = False
3659.1503 	EXP 	New trial (rep=14, index=0): None
3659.1630 	EXP 	fixation: autoDraw = False
3659.1630 	EXP 	grating: autoDraw = False
3659.1630 	EXP 	grating: ori = 3.0
3659.1630 	EXP 	fixation: autoDraw = True
3660.1628 	EXP 	fixation: autoDraw = False
3660.1628 	EXP 	grating: autoDraw = True
3660.4626 	EXP 	grating: autoDraw = False
3660.6193 	EXP 	New trial (rep=15, index=0): None
3660.6310 	EXP 	fixation: autoDraw = False
3660.6310 	EXP 	grating: autoDraw = False
3660.6310 	EXP 	grating: ori = -4.0
3660.6310 	EXP 	fixation: autoDraw = True
3661.6289 	EXP 	grating: autoDraw = True
3661.6456 	EXP 	fixation: autoDraw = False
3661.9290 	EXP 	grating: autoDraw = False
3662.1195 	EXP 	New trial (rep=16, index=0): None
3662.1305 	EXP 	fixation: autoDraw = False
3662.1305 	EXP 	grating: autoDraw = False
3662.1305 	EXP 	grating: ori = 4.0
3662.1305 	EXP 	fixation: autoDraw = True
3663.1288 	EXP 	grating: autoDraw = True
3663.1455 	EXP 	fixation: autoDraw = False
3663.4290 	EXP 	grating: autoDraw = False
3663.6338 	EXP 	New trial (rep=17, index=0): None
3663.6453 	EXP 	fixation: autoDraw = False
3663.6453 	EXP 	grating: autoDraw = False
3663.6453 	EXP 	grating: ori = -3.0
3663.6453 	EXP 	fixation: autoDraw = True
3664.6456 	EXP 	fixation: autoDraw = False
3664.6456 	EXP 	grating: autoDraw = True
3664.9457 	EXP 	grating: autoDraw = False
3665.2346 	EXP 	New trial (rep=18, index=0): None
3665.2463 	EXP 	fixation: autoDraw = False
3665.2463 	EXP 	grating: autoDraw = False
3665.2463 	EXP 	grating: ori = 4.0
3665.2463 	EXP 	fixation: autoDraw = True
3666.2451 	EXP 	grating: autoDraw = True
3666.2616 	EXP 	fixation: autoDraw = False
3666.5450 	EXP 	grating: autoDraw = False
3666.7845 	EXP 	New trial (rep=19, index=0): None
3666.7954 	EXP 	fixation: autoDraw = False
3666.7954 	EXP 	grating: autoDraw = False
3666.7954 	EXP 	grating: ori = -5.0
3666.7954 	EXP 	fixation: autoDraw = True
3667.7948 	EXP 	grating: autoDraw = True
3667.8112 	EXP 	fixation: autoDraw = False
3668.0945 	EXP 	grating: autoDraw = False
3668.3513 	EXP 	New trial (rep=20, index=0): None
3668.3620 	EXP 	fixation: autoDraw = False
3668.3620 	EXP 	grating: autoDraw = False
3668.3620 	EXP 	grating: ori = 0.0
3668.3620 	EXP 	fixation: autoDraw = True
3669.3609 	EXP 	grating: autoDraw = True
3669.3776 	EXP 	fixation: autoDraw = False
3669.6608 	EXP 	grating: autoDraw = False
3669.8141 	EXP 	New trial (rep=21, index=0): None
3669.8279 	EXP 	fixation: autoDraw = False
3669.8279 	EXP 	grating: autoDraw = False
3669.8279 	EXP 	grating: ori = 0.0
3669.8279 	EXP 	fixation: autoDraw = True
3670.8270 	EXP 	fixation: autoDraw = False
3670.8270 	EXP 	grating: autoDraw = True
3671.1271 	EXP 	grating: autoDraw = False
3671.4161 	EXP 	New trial (rep=22, index=0): None
3671.4272 	EXP 	fixation: autoDraw = False
3671.4272 	EXP 	grating: autoDraw = False
3671.4272 	EXP 	grating: ori = 0.0
3671.4272 	EXP 	fixation: autoDraw = True
3672.4273 	EXP 	fixation: autoDraw = False
3672.4273 	EXP 	grating: autoDraw = True
3672.7269 	EXP 	grating: autoDraw = False
3672.9158 	EXP 	New trial (rep=23, index=0): None
3672.9272 	EXP 	fixation: autoDraw = False
3672.9272 	EXP 	grating: autoDraw = False
3672.9272 	EXP 	grating: ori = 0.0
3672.9272 	EXP 	fixation: autoDraw = True
3673.9270 	EXP 	fixation: autoDraw = False
3673.9270 	EXP 	grating: autoDraw = True
3674.2262 	EXP 	grating: autoDraw = False
3674.3823 	EXP 	New trial (rep=24, index=0): None
3674.3932 	EXP 	fixation: autoDraw = False
3674.3932 	EXP 	grating: autoDraw = False
3674.3932 	EXP 	grating: ori = 0.0
3674.3932 	EXP 	fixation: autoDraw = True
3675.3931 	EXP 	fixation: autoDraw = False
3675.3931 	EXP 	grating: autoDraw = True
3675.6932 	EXP 	grating: autoDraw = False
3675.8981 	EXP 	New trial (rep=25, index=0): None
3675.9100 	EXP 	fixation: autoDraw = False
3675.9100 	EXP 	grating: autoDraw = False
3675.9100 	EXP 	grating: ori = 0.0
3675.9100 	EXP 	fixation: autoDraw = True
3676.9093 	EXP 	fixation: autoDraw = False
3676.9093 	EXP 	grating: autoDraw = True
3677.2092 	EXP 	grating: autoDraw = False
3677.5794 	EXP 	New trial (rep=26, index=0): None
3677.5925 	EXP 	fixation: autoDraw = False
3677.5925 	EXP 	grating: autoDraw = False
3677.5925 	EXP 	grating: ori = 4.0
3677.5925 	EXP 	fixation: autoDraw = True
3678.5925 	EXP 	fixation: autoDraw = False
3678.5925 	EXP 	grating: autoDraw = True
3678.8922 	EXP 	grating: autoDraw = False
3679.0459 	EXP 	New trial (rep=27, index=0): None
3679.0589 	EXP 	fixation: autoDraw = False
3679.0589 	EXP 	grating: autoDraw = False
3679.0589 	EXP 	grating: ori = -4.0
3679.0589 	EXP 	fixation: autoDraw = True
3680.0586 	EXP 	fixation: autoDraw = False
3680.0586 	EXP 	grating: autoDraw = True
3680.3587 	EXP 	grating: autoDraw = False
3680.5653 	EXP 	New trial (rep=28, index=0): None
3680.5759 	EXP 	fixation: autoDraw = False
3680.5759 	EXP 	grating: autoDraw = False
3680.5759 	EXP 	grating: ori = 0.0
3680.5759 	EXP 	fixation: autoDraw = True
3681.5750 	EXP 	fixation: autoDraw = False
3681.5750 	EXP 	grating: autoDraw = True
3681.8750 	EXP 	grating: autoDraw = False
3682.2285 	EXP 	New trial (rep=29, index=0): None
3682.2419 	EXP 	fixation: autoDraw = False
3682.2419 	EXP 	grating: autoDraw = False
3682.2419 	EXP 	grating: ori = -3.0
3682.2419 	EXP 	fixation: autoDraw = True
3683.2415 	EXP 	fixation: autoDraw = False
3683.2415 	EXP 	grating: autoDraw = True
3683.5415 	EXP 	grating: autoDraw = False
3683.7947 	EXP 	New trial (rep=30, index=0): None
3683.8086 	EXP 	fixation: autoDraw = False
3683.8086 	EXP 	grating: autoDraw = False
3683.8086 	EXP 	grating: ori = 3.0
3683.8086 	EXP 	fixation: autoDraw = True
3684.8077 	EXP 	fixation: autoDraw = False
3684.8077 	EXP 	grating: autoDraw = True
3685.1076 	EXP 	grating: autoDraw = False
3685.4141 	EXP 	New trial (rep=31, index=0): None
3685.4248 	EXP 	fixation: autoDraw = False
3685.4248 	EXP 	grating: autoDraw = False
3685.4248 	EXP 	grating: ori = 0.0
3685.4248 	EXP 	fixation: autoDraw = True
3686.4239 	EXP 	fixation: autoDraw = False
3686.4239 	EXP 	grating: autoDraw = True
3686.7237 	EXP 	grating: autoDraw = False
3686.9811 	EXP 	New trial (rep=32, index=0): None
3686.9915 	EXP 	fixation: autoDraw = False
3686.9915 	EXP 	grating: autoDraw = False
3686.9915 	EXP 	grating: ori = 0.0
3686.9915 	EXP 	fixation: autoDraw = True
3687.9905 	EXP 	fixation: autoDraw = False
3687.9905 	EXP 	grating: autoDraw = True
3688.2901 	EXP 	grating: autoDraw = False
3688.5964 	EXP 	New trial (rep=33, index=0): None
3688.6071 	EXP 	fixation: autoDraw = False
3688.6071 	EXP 	grating: autoDraw = False
3688.6071 	EXP 	grating: ori = 0.0
3688.6071 	EXP 	fixation: autoDraw = True
3689.6067 	EXP 	fixation: autoDraw = False
3689.6067 	EXP 	grating: autoDraw = True
3689.9066 	EXP 	grating: autoDraw = False
3690.0765 	EXP 	New trial (rep=34, index=0): None
3690.0899 	EXP 	fixation: autoDraw = False
3690.0899 	EXP 	grating: autoDraw = False
3690.0899 	EXP 	grating: ori = 0.0
3690.0899 	EXP 	fixation: autoDraw = True
3691.0910 	EXP 	fixation: autoDraw = False
3691.0910 	EXP 	grating: autoDraw = True
3691.4063 	EXP 	grating: autoDraw = False
3692.0278 	EXP 	New trial (rep=35, index=0): None
3692.0396 	EXP 	fixation: autoDraw = False
3692.0396 	EXP 	grating: autoDraw = False
3692.0396 	EXP 	grating: ori = 0.0
3692.0396 	EXP 	fixation: autoDraw = True
3693.0399 	EXP 	fixation: autoDraw = False
3693.0399 	EXP 	grating: autoDraw = True
3693.3393 	EXP 	grating: autoDraw = False
3693.5624 	EXP 	New trial (rep=36, index=0): None
3693.5732 	EXP 	fixation: autoDraw = False
3693.5732 	EXP 	grating: autoDraw = False
3693.5732 	EXP 	grating: ori = 2.0
3693.5732 	EXP 	fixation: autoDraw = True
3694.5724 	EXP 	fixation: autoDraw = False
3694.5724 	EXP 	grating: autoDraw = True
3694.8723 	EXP 	grating: autoDraw = False
3695.0959 	EXP 	New trial (rep=37, index=0): None
3695.1081 	EXP 	fixation: autoDraw = False
3695.1081 	EXP 	grating: autoDraw = False
3695.1081 	EXP 	grating: ori = -2.0
3695.1081 	EXP 	fixation: autoDraw = True
3696.1058 	EXP 	grating: autoDraw = True
3696.1221 	EXP 	fixation: autoDraw = False
3696.4048 	EXP 	grating: autoDraw = False
3696.6286 	EXP 	New trial (rep=38, index=0): None
3696.6396 	EXP 	fixation: autoDraw = False
3696.6396 	EXP 	grating: autoDraw = False
3696.6396 	EXP 	grating: ori = -4.0
3696.6396 	EXP 	fixation: autoDraw = True
3697.6384 	EXP 	grating: autoDraw = True
3697.6552 	EXP 	fixation: autoDraw = False
3697.9383 	EXP 	grating: autoDraw = False
3698.2087 	EXP 	New trial (rep=39, index=0): None
3698.2217 	EXP 	fixation: autoDraw = False
3698.2217 	EXP 	grating: autoDraw = False
3698.2217 	EXP 	grating: ori = -5.0
3698.2217 	EXP 	fixation: autoDraw = True
3699.2215 	EXP 	fixation: autoDraw = False
3699.2215 	EXP 	grating: autoDraw = True
3699.5216 	EXP 	grating: autoDraw = False
3699.7256 	EXP 	New trial (rep=40, index=0): None
3699.7381 	EXP 	fixation: autoDraw = False
3699.7381 	EXP 	grating: autoDraw = False
3699.7381 	EXP 	grating: ori = 3.0
3699.7381 	EXP 	fixation: autoDraw = True
3700.7379 	EXP 	fixation: autoDraw = False
3700.7379 	EXP 	grating: autoDraw = True
3701.0378 	EXP 	grating: autoDraw = False
3701.5242 	EXP 	New trial (rep=41, index=0): None
3701.5378 	EXP 	fixation: autoDraw = False
3701.5378 	EXP 	grating: autoDraw = False
3701.5378 	EXP 	grating: ori = 0.0
3701.5378 	EXP 	fixation: autoDraw = True
3702.5379 	EXP 	fixation: autoDraw = False
3702.5379 	EXP 	grating: autoDraw = True
3702.8376 	EXP 	grating: autoDraw = False
3703.2906 	EXP 	New trial (rep=42, index=0): None
3703.3039 	EXP 	fixation: autoDraw = False
3703.3039 	EXP 	grating: autoDraw = False
3703.3039 	EXP 	grating: ori = 3.0
3703.3039 	EXP 	fixation: autoDraw = True
3704.3041 	EXP 	fixation: autoDraw = False
3704.3041 	EXP 	grating: autoDraw = True
3704.6037 	EXP 	grating: autoDraw = False
3705.0274 	EXP 	New trial (rep=43, index=0): None
3705.0396 	EXP 	fixation: autoDraw = False
3705.0396 	EXP 	grating: autoDraw = False
3705.0396 	EXP 	grating: ori = 4.0
3705.0396 	EXP 	fixation: autoDraw = True
3706.0368 	EXP 	grating: autoDraw = True
3706.0537 	EXP 	fixation: autoDraw = False
3706.3367 	EXP 	grating: autoDraw = False
3706.7101 	EXP 	New trial (rep=44, index=0): None
3706.7215 	EXP 	fixation: autoDraw = False
3706.7215 	EXP 	grating: autoDraw = False
3706.7215 	EXP 	grating: ori = 0.0
3706.7215 	EXP 	fixation: autoDraw = True
3707.7199 	EXP 	grating: autoDraw = True
3707.7365 	EXP 	fixation: autoDraw = False
3708.0196 	EXP 	grating: autoDraw = False
3708.2567 	EXP 	New trial (rep=45, index=0): None
3708.2709 	EXP 	fixation: autoDraw = False
3708.2709 	EXP 	grating: autoDraw = False
3708.2709 	EXP 	grating: ori = 0.0
3708.2709 	EXP 	fixation: autoDraw = True
3709.2699 	EXP 	grating: autoDraw = True
3709.2864 	EXP 	fixation: autoDraw = False
3709.5694 	EXP 	grating: autoDraw = False
3709.6268 	EXP 	New trial (rep=46, index=0): None
3709.6383 	EXP 	fixation: autoDraw = False
3709.6383 	EXP 	grating: autoDraw = False
3709.6383 	EXP 	grating: ori = -4.0
3709.6383 	EXP 	fixation: autoDraw = True
3710.6361 	EXP 	grating: autoDraw = True
3710.6523 	EXP 	fixation: autoDraw = False
3710.9357 	EXP 	grating: autoDraw = False
3711.1907 	EXP 	New trial (rep=47, index=0): None
3711.2023 	EXP 	fixation: autoDraw = False
3711.2023 	EXP 	grating: autoDraw = False
3711.2023 	EXP 	grating: ori = 0.0
3711.2023 	EXP 	fixation: autoDraw = True
3712.2021 	EXP 	fixation: autoDraw = False
3712.2021 	EXP 	grating: autoDraw = True
3712.5022 	EXP 	grating: autoDraw = False
3712.8063 	EXP 	New trial (rep=48, index=0): None
3712.8189 	EXP 	fixation: autoDraw = False
3712.8189 	EXP 	grating: autoDraw = False
3712.8189 	EXP 	grating: ori = 0.0
3712.8189 	EXP 	fixation: autoDraw = True
3713.8185 	EXP 	fixation: autoDraw = False
3713.8185 	EXP 	grating: autoDraw = True
3714.1185 	EXP 	grating: autoDraw = False
3714.3422 	EXP 	New trial (rep=49, index=0): None
3714.3536 	EXP 	fixation: autoDraw = False
3714.3536 	EXP 	grating: autoDraw = False
3714.3536 	EXP 	grating: ori = 0.0
3714.3536 	EXP 	fixation: autoDraw = True
3715.3515 	EXP 	grating: autoDraw = True
3715.3682 	EXP 	fixation: autoDraw = False
3715.6514 	EXP 	grating: autoDraw = False
3715.8055 	EXP 	New trial (rep=50, index=0): None
3715.8182 	EXP 	fixation: autoDraw = False
3715.8182 	EXP 	grating: autoDraw = False
3715.8182 	EXP 	grating: ori = 0.0
3715.8182 	EXP 	fixation: autoDraw = True
3716.8182 	EXP 	fixation: autoDraw = False
3716.8182 	EXP 	grating: autoDraw = True
3717.1177 	EXP 	grating: autoDraw = False
3717.3240 	EXP 	New trial (rep=51, index=0): None
3717.3349 	EXP 	fixation: autoDraw = False
3717.3349 	EXP 	grating: autoDraw = False
3717.3349 	EXP 	grating: ori = 2.0
3717.3349 	EXP 	fixation: autoDraw = True
3718.3343 	EXP 	fixation: autoDraw = False
3718.3343 	EXP 	grating: autoDraw = True
3718.6342 	EXP 	grating: autoDraw = False
3719.0379 	EXP 	New trial (rep=52, index=0): None
3719.0508 	EXP 	fixation: autoDraw = False
3719.0508 	EXP 	grating: autoDraw = False
3719.0508 	EXP 	grating: ori = 0.0
3719.0508 	EXP 	fixation: autoDraw = True
3720.0505 	EXP 	fixation: autoDraw = False
3720.0505 	EXP 	grating: autoDraw = True
3720.3503 	EXP 	grating: autoDraw = False
3720.4900 	EXP 	New trial (rep=53, index=0): None
3720.5011 	EXP 	fixation: autoDraw = False
3720.5011 	EXP 	grating: autoDraw = False
3720.5011 	EXP 	grating: ori = 0.0
3720.5011 	EXP 	fixation: autoDraw = True
3721.5005 	EXP 	fixation: autoDraw = False
3721.5005 	EXP 	grating: autoDraw = True
3721.8002 	EXP 	grating: autoDraw = False
3721.9903 	EXP 	New trial (rep=54, index=0): None
3722.0018 	EXP 	fixation: autoDraw = False
3722.0018 	EXP 	grating: autoDraw = False
3722.0018 	EXP 	grating: ori = -4.0
3722.0018 	EXP 	fixation: autoDraw = True
3723.0001 	EXP 	grating: autoDraw = True
3723.0168 	EXP 	fixation: autoDraw = False
3723.2999 	EXP 	grating: autoDraw = False
3723.6731 	EXP 	New trial (rep=55, index=0): None
3723.6838 	EXP 	fixation: autoDraw = False
3723.6838 	EXP 	grating: autoDraw = False
3723.6838 	EXP 	grating: ori = 0.0
3723.6838 	EXP 	fixation: autoDraw = True
3724.6830 	EXP 	grating: autoDraw = True
3724.6995 	EXP 	fixation: autoDraw = False
3724.9830 	EXP 	grating: autoDraw = False
3725.4560 	EXP 	New trial (rep=56, index=0): None
3725.4668 	EXP 	fixation: autoDraw = False
3725.4668 	EXP 	grating: autoDraw = False
3725.4668 	EXP 	grating: ori = 1.0
3725.4668 	EXP 	fixation: autoDraw = True
3726.4659 	EXP 	fixation: autoDraw = False
3726.4659 	EXP 	grating: autoDraw = True
3726.7658 	EXP 	grating: autoDraw = False
3727.6714 	EXP 	New trial (rep=57, index=0): None
3727.6827 	EXP 	fixation: autoDraw = False
3727.6827 	EXP 	grating: autoDraw = False
3727.6827 	EXP 	grating: ori = 0.0
3727.6827 	EXP 	fixation: autoDraw = True
3728.6824 	EXP 	fixation: autoDraw = False
3728.6824 	EXP 	grating: autoDraw = True
3728.9820 	EXP 	grating: autoDraw = False
3729.2713 	EXP 	New trial (rep=58, index=0): None
3729.2842 	EXP 	fixation: autoDraw = False
3729.2842 	EXP 	grating: autoDraw = False
3729.2842 	EXP 	grating: ori = 0.0
3729.2842 	EXP 	fixation: autoDraw = True
3730.2832 	EXP 	grating: autoDraw = True
3730.2984 	EXP 	fixation: autoDraw = False
3730.5984 	EXP 	grating: autoDraw = False
3730.7877 	EXP 	New trial (rep=59, index=0): None
3730.7983 	EXP 	fixation: autoDraw = False
3730.7983 	EXP 	grating: autoDraw = False
3730.7983 	EXP 	grating: ori = 0.0
3730.7983 	EXP 	fixation: autoDraw = True
3731.7982 	EXP 	fixation: autoDraw = False
3731.7982 	EXP 	grating: autoDraw = True
3732.0980 	EXP 	grating: autoDraw = False
3732.3032 	EXP 	New trial (rep=60, index=0): None
3732.3151 	EXP 	fixation: autoDraw = False
3732.3151 	EXP 	grating: autoDraw = False
3732.3151 	EXP 	grating: ori = 0.0
3732.3151 	EXP 	fixation: autoDraw = True
3733.3145 	EXP 	fixation: autoDraw = False
3733.3145 	EXP 	grating: autoDraw = True
3733.6142 	EXP 	grating: autoDraw = False
3733.8189 	EXP 	New trial (rep=61, index=0): None
3733.8309 	EXP 	fixation: autoDraw = False
3733.8309 	EXP 	grating: autoDraw = False
3733.8309 	EXP 	grating: ori = 4.0
3733.8309 	EXP 	fixation: autoDraw = True
3734.8309 	EXP 	fixation: autoDraw = False
3734.8309 	EXP 	grating: autoDraw = True
3735.1309 	EXP 	grating: autoDraw = False
3735.7200 	EXP 	New trial (rep=62, index=0): None
3735.7311 	EXP 	fixation: autoDraw = False
3735.7311 	EXP 	grating: autoDraw = False
3735.7311 	EXP 	grating: ori = -5.0
3735.7311 	EXP 	fixation: autoDraw = True
3736.7302 	EXP 	grating: autoDraw = True
3736.7471 	EXP 	fixation: autoDraw = False
3737.0304 	EXP 	grating: autoDraw = False
3737.4688 	EXP 	New trial (rep=63, index=0): None
3737.4802 	EXP 	fixation: autoDraw = False
3737.4802 	EXP 	grating: autoDraw = False
3737.4802 	EXP 	grating: ori = 0.0
3737.4802 	EXP 	fixation: autoDraw = True
3738.4801 	EXP 	fixation: autoDraw = False
3738.4801 	EXP 	grating: autoDraw = True
3738.7800 	EXP 	grating: autoDraw = False
3739.1535 	EXP 	New trial (rep=64, index=0): None
3739.1644 	EXP 	fixation: autoDraw = False
3739.1644 	EXP 	grating: autoDraw = False
3739.1644 	EXP 	grating: ori = -3.0
3739.1644 	EXP 	fixation: autoDraw = True
3740.1631 	EXP 	grating: autoDraw = True
3740.1798 	EXP 	fixation: autoDraw = False
3740.4627 	EXP 	grating: autoDraw = False
3740.8190 	EXP 	New trial (rep=65, index=0): None
3740.8309 	EXP 	fixation: autoDraw = False
3740.8309 	EXP 	grating: autoDraw = False
3740.8309 	EXP 	grating: ori = 0.0
3740.8309 	EXP 	fixation: autoDraw = True
3741.8291 	EXP 	grating: autoDraw = True
3741.8459 	EXP 	fixation: autoDraw = False
3742.1292 	EXP 	grating: autoDraw = False
3742.5356 	EXP 	New trial (rep=66, index=0): None
3742.5465 	EXP 	fixation: autoDraw = False
3742.5465 	EXP 	grating: autoDraw = False
3742.5465 	EXP 	grating: ori = -2.0
3742.5465 	EXP 	fixation: autoDraw = True
3743.5459 	EXP 	grating: autoDraw = True
3743.5622 	EXP 	fixation: autoDraw = False
3743.8453 	EXP 	grating: autoDraw = False
3744.2508 	EXP 	New trial (rep=67, index=0): None
3744.2623 	EXP 	fixation: autoDraw = False
3744.2623 	EXP 	grating: autoDraw = False
3744.2623 	EXP 	grating: ori = 0.0
3744.2623 	EXP 	fixation: autoDraw = True
3745.2625 	EXP 	fixation: autoDraw = False
3745.2625 	EXP 	grating: autoDraw = True
3745.5619 	EXP 	grating: autoDraw = False
3745.9519 	EXP 	New trial (rep=68, index=0): None
3745.9631 	EXP 	fixation: autoDraw = False
3745.9631 	EXP 	grating: autoDraw = False
3745.9631 	EXP 	grating: ori = 0.0
3745.9631 	EXP 	fixation: autoDraw = True
3746.9617 	EXP 	grating: autoDraw = True
3746.9790 	EXP 	fixation: autoDraw = False
3747.2614 	EXP 	grating: autoDraw = False
3747.9014 	EXP 	New trial (rep=69, index=0): None
3747.9128 	EXP 	fixation: autoDraw = False
3747.9128 	EXP 	grating: autoDraw = False
3747.9128 	EXP 	grating: ori = 0.0
3747.9128 	EXP 	fixation: autoDraw = True
3748.9119 	EXP 	grating: autoDraw = True
3748.9279 	EXP 	fixation: autoDraw = False
3749.2115 	EXP 	grating: autoDraw = False
3749.7009 	EXP 	New trial (rep=70, index=0): None
3749.7120 	EXP 	fixation: autoDraw = False
3749.7120 	EXP 	grating: autoDraw = False
3749.7120 	EXP 	grating: ori = -2.0
3749.7120 	EXP 	fixation: autoDraw = True
3750.7108 	EXP 	fixation: autoDraw = False
3750.7108 	EXP 	grating: autoDraw = True
3751.0105 	EXP 	grating: autoDraw = False
3751.3515 	EXP 	New trial (rep=71, index=0): None
3751.3638 	EXP 	fixation: autoDraw = False
3751.3638 	EXP 	grating: autoDraw = False
3751.3638 	EXP 	grating: ori = 2.0
3751.3638 	EXP 	fixation: autoDraw = True
3752.3612 	EXP 	grating: autoDraw = True
3752.3779 	EXP 	fixation: autoDraw = False
3752.6768 	EXP 	grating: autoDraw = False
3753.3656 	EXP 	New trial (rep=72, index=0): None
3753.3778 	EXP 	fixation: autoDraw = False
3753.3778 	EXP 	grating: autoDraw = False
3753.3778 	EXP 	grating: ori = 0.0
3753.3778 	EXP 	fixation: autoDraw = True
3754.3773 	EXP 	fixation: autoDraw = False
3754.3773 	EXP 	grating: autoDraw = True
3754.6769 	EXP 	grating: autoDraw = False
3754.9171 	EXP 	New trial (rep=73, index=0): None
3754.9289 	EXP 	fixation: autoDraw = False
3754.9289 	EXP 	grating: autoDraw = False
3754.9289 	EXP 	grating: ori = 0.0
3754.9289 	EXP 	fixation: autoDraw = True
3755.9267 	EXP 	grating: autoDraw = True
3755.9430 	EXP 	fixation: autoDraw = False
3756.2262 	EXP 	grating: autoDraw = False
3756.4641 	EXP 	New trial (rep=74, index=0): None
3756.4761 	EXP 	fixation: autoDraw = False
3756.4761 	EXP 	grating: autoDraw = False
3756.4761 	EXP 	grating: ori = -3.0
3756.4761 	EXP 	fixation: autoDraw = True
3757.4764 	EXP 	fixation: autoDraw = False
3757.4764 	EXP 	grating: autoDraw = True
3757.7762 	EXP 	grating: autoDraw = False
3758.0982 	EXP 	New trial (rep=75, index=0): None
3758.1097 	EXP 	fixation: autoDraw = False
3758.1097 	EXP 	grating: autoDraw = False
3758.1097 	EXP 	grating: ori = -5.0
3758.1097 	EXP 	fixation: autoDraw = True
3759.1092 	EXP 	fixation: autoDraw = False
3759.1092 	EXP 	grating: autoDraw = True
3759.4093 	EXP 	grating: autoDraw = False
3759.5644 	EXP 	New trial (rep=76, index=0): None
3759.5760 	EXP 	fixation: autoDraw = False
3759.5760 	EXP 	grating: autoDraw = False
3759.5760 	EXP 	grating: ori = 0.0
3759.5760 	EXP 	fixation: autoDraw = True
3760.5754 	EXP 	fixation: autoDraw = False
3760.5754 	EXP 	grating: autoDraw = True
3760.8755 	EXP 	grating: autoDraw = False
3761.2285 	EXP 	New trial (rep=77, index=0): None
3761.2420 	EXP 	fixation: autoDraw = False
3761.2420 	EXP 	grating: autoDraw = False
3761.2420 	EXP 	grating: ori = 0.0
3761.2420 	EXP 	fixation: autoDraw = True
3762.2419 	EXP 	fixation: autoDraw = False
3762.2419 	EXP 	grating: autoDraw = True
3762.5421 	EXP 	grating: autoDraw = False
3762.8321 	EXP 	New trial (rep=78, index=0): None
3762.8425 	EXP 	fixation: autoDraw = False
3762.8425 	EXP 	grating: autoDraw = False
3762.8425 	EXP 	grating: ori = 0.0
3762.8425 	EXP 	fixation: autoDraw = True
3763.8427 	EXP 	fixation: autoDraw = False
3763.8427 	EXP 	grating: autoDraw = True
3764.1585 	EXP 	grating: autoDraw = False
3764.3317 	EXP 	New trial (rep=79, index=0): None
3764.3425 	EXP 	fixation: autoDraw = False
3764.3425 	EXP 	grating: autoDraw = False
3764.3425 	EXP 	grating: ori = 0.0
3764.3425 	EXP 	fixation: autoDraw = True
3765.3412 	EXP 	grating: autoDraw = True
3765.3579 	EXP 	fixation: autoDraw = False
3765.6413 	EXP 	grating: autoDraw = False
3765.8310 	EXP 	New trial (rep=80, index=0): None
3765.8422 	EXP 	fixation: autoDraw = False
3765.8422 	EXP 	grating: autoDraw = False
3765.8422 	EXP 	grating: ori = -5.0
3765.8422 	EXP 	fixation: autoDraw = True
3766.8409 	EXP 	grating: autoDraw = True
3766.8577 	EXP 	fixation: autoDraw = False
3767.1409 	EXP 	grating: autoDraw = False
3767.4149 	EXP 	New trial (rep=81, index=0): None
3767.4255 	EXP 	fixation: autoDraw = False
3767.4255 	EXP 	grating: autoDraw = False
3767.4255 	EXP 	grating: ori = -4.0
3767.4255 	EXP 	fixation: autoDraw = True
3768.4241 	EXP 	grating: autoDraw = True
3768.4407 	EXP 	fixation: autoDraw = False
3768.7240 	EXP 	grating: autoDraw = False
3769.3279 	EXP 	New trial (rep=82, index=0): None
3769.3400 	EXP 	fixation: autoDraw = False
3769.3400 	EXP 	grating: autoDraw = False
3769.3400 	EXP 	grating: ori = 0.0
3769.3400 	EXP 	fixation: autoDraw = True
3770.3403 	EXP 	fixation: autoDraw = False
3770.3403 	EXP 	grating: autoDraw = True
3770.6403 	EXP 	grating: autoDraw = False
3770.8952 	EXP 	New trial (rep=83, index=0): None
3770.9071 	EXP 	fixation: autoDraw = False
3770.9071 	EXP 	grating: autoDraw = False
3770.9071 	EXP 	grating: ori = 4.0
3770.9071 	EXP 	fixation: autoDraw = True
3771.9062 	EXP 	fixation: autoDraw = False
3771.9062 	EXP 	grating: autoDraw = True
3772.2063 	EXP 	grating: autoDraw = False
3772.4952 	EXP 	New trial (rep=84, index=0): None
3772.5063 	EXP 	fixation: autoDraw = False
3772.5063 	EXP 	grating: autoDraw = False
3772.5063 	EXP 	grating: ori = 1.0
3772.5063 	EXP 	fixation: autoDraw = True
3773.5063 	EXP 	fixation: autoDraw = False
3773.5063 	EXP 	grating: autoDraw = True
3773.8058 	EXP 	grating: autoDraw = False
3774.1423 	EXP 	New trial (rep=85, index=0): None
3774.1558 	EXP 	fixation: autoDraw = False
3774.1558 	EXP 	grating: autoDraw = False
3774.1558 	EXP 	grating: ori = 0.0
3774.1558 	EXP 	fixation: autoDraw = True
3775.1558 	EXP 	fixation: autoDraw = False
3775.1558 	EXP 	grating: autoDraw = True
3775.4555 	EXP 	grating: autoDraw = False
3775.6940 	EXP 	New trial (rep=86, index=0): None
3775.7059 	EXP 	fixation: autoDraw = False
3775.7059 	EXP 	grating: autoDraw = False
3775.7059 	EXP 	grating: ori = 0.0
3775.7059 	EXP 	fixation: autoDraw = True
3776.7058 	EXP 	fixation: autoDraw = False
3776.7058 	EXP 	grating: autoDraw = True
3777.0056 	EXP 	grating: autoDraw = False
3777.0923 	EXP 	New trial (rep=87, index=0): None
3777.1054 	EXP 	fixation: autoDraw = False
3777.1054 	EXP 	grating: autoDraw = False
3777.1054 	EXP 	grating: ori = 0.0
3777.1054 	EXP 	fixation: autoDraw = True
3778.1053 	EXP 	fixation: autoDraw = False
3778.1053 	EXP 	grating: autoDraw = True
3778.4054 	EXP 	grating: autoDraw = False
3778.5438 	EXP 	New trial (rep=88, index=0): None
3778.5552 	EXP 	fixation: autoDraw = False
3778.5552 	EXP 	grating: autoDraw = False
3778.5552 	EXP 	grating: ori = 0.0
3778.5552 	EXP 	fixation: autoDraw = True
3779.5551 	EXP 	fixation: autoDraw = False
3779.5551 	EXP 	grating: autoDraw = True
3779.8551 	EXP 	grating: autoDraw = False
3780.0451 	EXP 	New trial (rep=89, index=0): None
3780.0563 	EXP 	fixation: autoDraw = False
3780.0563 	EXP 	grating: autoDraw = False
3780.0563 	EXP 	grating: ori = 0.0
3780.0563 	EXP 	fixation: autoDraw = True
3781.0548 	EXP 	grating: autoDraw = True
3781.0715 	EXP 	fixation: autoDraw = False
3781.3546 	EXP 	grating: autoDraw = False
3781.5765 	EXP 	New trial (rep=90, index=0): None
3781.5879 	EXP 	fixation: autoDraw = False
3781.5879 	EXP 	grating: autoDraw = False
3781.5879 	EXP 	grating: ori = 0.0
3781.5879 	EXP 	fixation: autoDraw = True
3782.5878 	EXP 	fixation: autoDraw = False
3782.5878 	EXP 	grating: autoDraw = True
3782.8877 	EXP 	grating: autoDraw = False
3783.0608 	EXP 	New trial (rep=91, index=0): None
3783.0719 	EXP 	fixation: autoDraw = False
3783.0719 	EXP 	grating: autoDraw = False
3783.0719 	EXP 	grating: ori = 1.0
3783.0719 	EXP 	fixation: autoDraw = True
3784.0708 	EXP 	fixation: autoDraw = False
3784.0708 	EXP 	grating: autoDraw = True
3784.3704 	EXP 	grating: autoDraw = False
3784.5106 	EXP 	New trial (rep=92, index=0): None
3784.5211 	EXP 	fixation: autoDraw = False
3784.5211 	EXP 	grating: autoDraw = False
3784.5211 	EXP 	grating: ori = 0.0
3784.5211 	EXP 	fixation: autoDraw = True
3785.5206 	EXP 	fixation: autoDraw = False
3785.5206 	EXP 	grating: autoDraw = True
3785.8203 	EXP 	grating: autoDraw = False
3786.2584 	EXP 	New trial (rep=93, index=0): None
3786.2711 	EXP 	fixation: autoDraw = False
3786.2711 	EXP 	grating: autoDraw = False
3786.2711 	EXP 	grating: ori = 0.0
3786.2711 	EXP 	fixation: autoDraw = True
3787.2709 	EXP 	grating: autoDraw = True
3787.2869 	EXP 	fixation: autoDraw = False
3787.5700 	EXP 	grating: autoDraw = False
3788.0100 	EXP 	New trial (rep=94, index=0): None
3788.0207 	EXP 	fixation: autoDraw = False
3788.0207 	EXP 	grating: autoDraw = False
3788.0207 	EXP 	grating: ori = 3.0
3788.0207 	EXP 	fixation: autoDraw = True
3789.0203 	EXP 	fixation: autoDraw = False
3789.0203 	EXP 	grating: autoDraw = True
3789.3192 	EXP 	grating: autoDraw = False
3789.4898 	EXP 	New trial (rep=95, index=0): None
3789.5030 	EXP 	fixation: autoDraw = False
3789.5030 	EXP 	grating: autoDraw = False
3789.5030 	EXP 	grating: ori = 1.0
3789.5030 	EXP 	fixation: autoDraw = True
3790.5026 	EXP 	fixation: autoDraw = False
3790.5026 	EXP 	grating: autoDraw = True
3790.8028 	EXP 	grating: autoDraw = False
3791.0594 	EXP 	New trial (rep=96, index=0): None
3791.0705 	EXP 	fixation: autoDraw = False
3791.0705 	EXP 	grating: autoDraw = False
3791.0705 	EXP 	grating: ori = 2.0
3791.0705 	EXP 	fixation: autoDraw = True
3792.0693 	EXP 	grating: autoDraw = True
3792.0857 	EXP 	fixation: autoDraw = False
3792.3696 	EXP 	grating: autoDraw = False
3792.7249 	EXP 	New trial (rep=97, index=0): None
3792.7363 	EXP 	fixation: autoDraw = False
3792.7363 	EXP 	grating: autoDraw = False
3792.7363 	EXP 	grating: ori = 4.0
3792.7363 	EXP 	fixation: autoDraw = True
3793.7354 	EXP 	fixation: autoDraw = False
3793.7354 	EXP 	grating: autoDraw = True
3794.0354 	EXP 	grating: autoDraw = False
3794.3418 	EXP 	New trial (rep=98, index=0): None
3794.3525 	EXP 	fixation: autoDraw = False
3794.3525 	EXP 	grating: autoDraw = False
3794.3525 	EXP 	grating: ori = 0.0
3794.3525 	EXP 	fixation: autoDraw = True
3795.3517 	EXP 	fixation: autoDraw = False
3795.3517 	EXP 	grating: autoDraw = True
3795.6526 	EXP 	grating: autoDraw = False
3795.9247 	EXP 	New trial (rep=99, index=0): None
3795.9354 	EXP 	fixation: autoDraw = False
3795.9354 	EXP 	grating: autoDraw = False
3795.9354 	EXP 	grating: ori = 0.0
3795.9354 	EXP 	fixation: autoDraw = True
3796.9349 	EXP 	grating: autoDraw = True
3796.9512 	EXP 	fixation: autoDraw = False
3797.2346 	EXP 	grating: autoDraw = False
3797.5344 	EXP 	fixation: autoDraw = False
3797.5344 	EXP 	grating: autoDraw = False
3797.8072 	EXP 	window1: mouseVisible = True
